Flow report for fps_game
Sat Jun 02 21:57:35 2018
Quartus II 64-Bit Version 13.0.0 Build 156 04/24/2013 SJ Web Edition


---------------------
; Table of Contents ;
---------------------
  1. Legal Notice
  2. Flow Summary
  3. Flow Settings
  4. Flow Non-Default Global Settings
  5. Flow Elapsed Time
  6. Flow OS Summary
  7. Flow Log
  8. Flow Messages
  9. Flow Suppressed Messages



----------------
; Legal Notice ;
----------------
Copyright (C) 1991-2013 Altera Corporation
Your use of Altera Corporation's design tools, logic functions 
and other software and tools, and its AMPP partner logic 
functions, and any output files from any of the foregoing 
(including device programming or simulation files), and any 
associated documentation or information are expressly subject 
to the terms and conditions of the Altera Program License 
Subscription Agreement, Altera MegaCore Function License 
Agreement, or other applicable license agreement, including, 
without limitation, that your use is for the sole purpose of 
programming logic devices manufactured by Altera and sold by 
Altera or its authorized distributors.  Please refer to the 
applicable agreement for further details.



+---------------------------------------------------------------------------------+
; Flow Summary                                                                    ;
+------------------------------------+--------------------------------------------+
; Flow Status                        ; Successful - Sat Jun 02 21:57:30 2018      ;
; Quartus II 64-Bit Version          ; 13.0.0 Build 156 04/24/2013 SJ Web Edition ;
; Revision Name                      ; fps_game                                   ;
; Top-level Entity Name              ; fps_game                                   ;
; Family                             ; Cyclone II                                 ;
; Device                             ; EP2C70F672C8                               ;
; Timing Models                      ; Final                                      ;
; Total logic elements               ; 5,907 / 68,416 ( 9 % )                     ;
;     Total combinational functions  ; 5,708 / 68,416 ( 8 % )                     ;
;     Dedicated logic registers      ; 792 / 68,416 ( 1 % )                       ;
; Total registers                    ; 792                                        ;
; Total pins                         ; 112 / 422 ( 27 % )                         ;
; Total virtual pins                 ; 0                                          ;
; Total memory bits                  ; 0 / 1,152,000 ( 0 % )                      ;
; Embedded Multiplier 9-bit elements ; 0 / 300 ( 0 % )                            ;
; Total PLLs                         ; 0 / 4 ( 0 % )                              ;
+------------------------------------+--------------------------------------------+


+-----------------------------------------+
; Flow Settings                           ;
+-------------------+---------------------+
; Option            ; Setting             ;
+-------------------+---------------------+
; Start date & time ; 06/02/2018 21:56:22 ;
; Main task         ; Compilation         ;
; Revision Name     ; fps_game            ;
+-------------------+---------------------+


+---------------------------------------------------------------------------------------------------------------------------------------------------------------+
; Flow Non-Default Global Settings                                                                                                                              ;
+-------------------------------------+------------------------------------------------------------------------------+---------------+-------------+------------+
; Assignment Name                     ; Value                                                                        ; Default Value ; Entity Name ; Section Id ;
+-------------------------------------+------------------------------------------------------------------------------+---------------+-------------+------------+
; COMPILER_SIGNATURE_ID               ; 8796757307186.152794778201136                                                ; --            ; --          ; --         ;
; ENABLE_SIGNALTAP                    ; Off                                                                          ; --            ; --          ; --         ;
; MAX_CORE_JUNCTION_TEMP              ; 85                                                                           ; --            ; --          ; --         ;
; MIN_CORE_JUNCTION_TEMP              ; 0                                                                            ; --            ; --          ; --         ;
; PARTITION_COLOR                     ; 16764057                                                                     ; --            ; --          ; Top        ;
; PARTITION_FITTER_PRESERVATION_LEVEL ; PLACEMENT_AND_ROUTING                                                        ; --            ; --          ; Top        ;
; PARTITION_NETLIST_TYPE              ; SOURCE                                                                       ; --            ; --          ; Top        ;
; PROJECT_OUTPUT_DIRECTORY            ; output_files                                                                 ; --            ; --          ; --         ;
; SLD_FILE                            ; C:/Users/Root Lee/Desktop/FPGA_FPS-master/output_files/out_auto_stripped.stp ; --            ; --          ; --         ;
; USE_SIGNALTAP_FILE                  ; output_files/out.stp                                                         ; --            ; --          ; --         ;
+-------------------------------------+------------------------------------------------------------------------------+---------------+-------------+------------+


+-------------------------------------------------------------------------------------------------------------------------------+
; Flow Elapsed Time                                                                                                             ;
+---------------------------+--------------+-------------------------+---------------------+------------------------------------+
; Module Name               ; Elapsed Time ; Average Processors Used ; Peak Virtual Memory ; Total CPU Time (on all processors) ;
+---------------------------+--------------+-------------------------+---------------------+------------------------------------+
; Analysis & Synthesis      ; 00:00:15     ; 1.0                     ; 544 MB              ; 00:00:14                           ;
; Fitter                    ; 00:00:45     ; 1.0                     ; 940 MB              ; 00:00:43                           ;
; Assembler                 ; 00:00:04     ; 1.0                     ; 460 MB              ; 00:00:04                           ;
; TimeQuest Timing Analyzer ; 00:00:04     ; 1.0                     ; 541 MB              ; 00:00:03                           ;
; Total                     ; 00:01:08     ; --                      ; --                  ; 00:01:04                           ;
+---------------------------+--------------+-------------------------+---------------------+------------------------------------+


+----------------------------------------------------------------------------------------+
; Flow OS Summary                                                                        ;
+---------------------------+------------------+-----------+------------+----------------+
; Module Name               ; Machine Hostname ; OS Name   ; OS Version ; Processor type ;
+---------------------------+------------------+-----------+------------+----------------+
; Analysis & Synthesis      ; RootLee-PC       ; Windows 7 ; 6.1        ; x86_64         ;
; Fitter                    ; RootLee-PC       ; Windows 7 ; 6.1        ; x86_64         ;
; Assembler                 ; RootLee-PC       ; Windows 7 ; 6.1        ; x86_64         ;
; TimeQuest Timing Analyzer ; RootLee-PC       ; Windows 7 ; 6.1        ; x86_64         ;
+---------------------------+------------------+-----------+------------+----------------+


------------
; Flow Log ;
------------
quartus_map --read_settings_files=on --write_settings_files=off fps_game -c fps_game
quartus_fit --read_settings_files=off --write_settings_files=off fps_game -c fps_game
quartus_asm --read_settings_files=off --write_settings_files=off fps_game -c fps_game
quartus_sta fps_game -c fps_game



